<?xml version="1.0" encoding="UTF-8"?>
<!-- Generated by org.testng.reporters.JUnitXMLReporter -->
<testsuite hostname="DESKTOP-G9U9536" ignored="0" name="Medium Test" tests="7" failures="1" timestamp="2019-12-06T15:34:04 IST" time="270.769" errors="0">
  <testcase name="validateUserLoginTest" time="4.307" classname="com.training.medium.tests.RTTC031LoginErrorTest"/>
  <testcase name="validateUserLoginTest" time="3.559" classname="com.training.medium.tests.RTTC031LoginErrorTest"/>
  <testcase name="validateUserLoginTest" time="4.171" classname="com.training.medium.tests.RTTC031LoginErrorTest"/>
  <testcase name="validateUserLoginTest" time="4.177" classname="com.training.medium.tests.RTTC031LoginErrorTest"/>
  <testcase name="OrderTestwithoutLogin" time="1.047" classname="com.training.medium.tests.RTTC032CheckoutLoginTest">
    <failure type="org.openqa.selenium.ElementClickInterceptedException" message="element click intercepted: Element &amp;lt;a href=&amp;quot;http://retail.upskills.in/nam-sed-sed&amp;quot;&amp;gt;...&amp;lt;/a&amp;gt; is not clickable at point (142, 699). Other element would receive the click: &amp;lt;div class=&amp;quot;row_x7apV row-wrap tb_content_fixed tb_mb_20 lazyload&amp;quot; data-expand=&amp;quot;60&amp;quot;&amp;gt;...&amp;lt;/div&amp;gt;
  (Session info: chrome=78.0.3904.108)
Build info: version: &amp;apos;3.6.0&amp;apos;, revision: &amp;apos;6fbf3ec767&amp;apos;, time: &amp;apos;2017-09-27T15:28:36.4Z&amp;apos;
System info: host: &amp;apos;DESKTOP-G9U9536&amp;apos;, ip: &amp;apos;9.81.207.147&amp;apos;, os.name: &amp;apos;Windows 10&amp;apos;, os.arch: &amp;apos;amd64&amp;apos;, os.version: &amp;apos;10.0&amp;apos;, java.version: &amp;apos;1.8.0_231&amp;apos;
Driver info: org.openqa.selenium.chrome.ChromeDriver
Capabilities [{networkConnectionEnabled=false, chrome={chromedriverVersion=78.0.3904.70 (edb9c9f3de0247fd912a77b7f6cae7447f6d3ad5-refs/branch-heads/3904@{#800}), userDataDir=C:\Users\RASHMI~1\AppData\Local\Temp\scoped_dir23568_803192690}, timeouts={implicit=0, pageLoad=300000, script=30000}, pageLoadStrategy=normal, unhandledPromptBehavior=dismiss and notify, strictFileInteractability=false, platform=XP, proxy=Proxy(), goog:chromeOptions={debuggerAddress=localhost:64399}, acceptInsecureCerts=false, browserVersion=78.0.3904.108, browserName=chrome, javascriptEnabled=true, platformName=XP, setWindowRect=true}]
Session ID: 71f81502cbcbbaf077877d03d237c82b">
      <![CDATA[org.openqa.selenium.ElementClickInterceptedException: element click intercepted: Element <a href="http://retail.upskills.in/nam-sed-sed">...</a> is not clickable at point (142, 699). Other element would receive the click: <div class="row_x7apV row-wrap tb_content_fixed tb_mb_20 lazyload" data-expand="60">...</div>
  (Session info: chrome=78.0.3904.108)
Build info: version: '3.6.0', revision: '6fbf3ec767', time: '2017-09-27T15:28:36.4Z'
System info: host: 'DESKTOP-G9U9536', ip: '9.81.207.147', os.name: 'Windows 10', os.arch: 'amd64', os.version: '10.0', java.version: '1.8.0_231'
Driver info: org.openqa.selenium.chrome.ChromeDriver
Capabilities [{networkConnectionEnabled=false, chrome={chromedriverVersion=78.0.3904.70 (edb9c9f3de0247fd912a77b7f6cae7447f6d3ad5-refs/branch-heads/3904@{#800}), userDataDir=C:\Users\RASHMI~1\AppData\Local\Temp\scoped_dir23568_803192690}, timeouts={implicit=0, pageLoad=300000, script=30000}, pageLoadStrategy=normal, unhandledPromptBehavior=dismiss and notify, strictFileInteractability=false, platform=XP, proxy=Proxy(), goog:chromeOptions={debuggerAddress=localhost:64399}, acceptInsecureCerts=false, browserVersion=78.0.3904.108, browserName=chrome, javascriptEnabled=true, platformName=XP, setWindowRect=true}]
Session ID: 71f81502cbcbbaf077877d03d237c82b
at org.openqa.selenium.remote.http.W3CHttpResponseCodec.createException(W3CHttpResponseCodec.java:185)
at org.openqa.selenium.remote.http.W3CHttpResponseCodec.decode(W3CHttpResponseCodec.java:120)
at org.openqa.selenium.remote.http.W3CHttpResponseCodec.decode(W3CHttpResponseCodec.java:49)
at org.openqa.selenium.remote.HttpCommandExecutor.execute(HttpCommandExecutor.java:164)
at org.openqa.selenium.remote.service.DriverCommandExecutor.execute(DriverCommandExecutor.java:83)
at org.openqa.selenium.remote.RemoteWebDriver.execute(RemoteWebDriver.java:586)
at org.openqa.selenium.remote.RemoteWebElement.execute(RemoteWebElement.java:279)
at org.openqa.selenium.remote.RemoteWebElement.click(RemoteWebElement.java:83)
at org.openqa.selenium.support.pagefactory.internal.LocatingElementHandler.invoke(LocatingElementHandler.java:51)
at com.sun.proxy.$Proxy12.click(Unknown Source)
at com.training.pom.RetailHomePOM.selectProduct(RetailHomePOM.java:41)
at com.training.medium.tests.RTTC032CheckoutLoginTest.OrderTestwithoutLogin(RTTC032CheckoutLoginTest.java:63)
at java.util.ArrayList.forEach(Unknown Source)
... Removed 35 stack frames]]>
    </failure>
  </testcase> <!-- OrderTestwithoutLogin -->
  <testcase name="OrderTestWithLoginLogin" time="43.327" classname="com.training.medium.tests.RTTC033CheckoutWithLoginTest"/>
  <testcase name="OrderAsGuestUser" time="38.739" classname="com.training.medium.tests.RTTC034OrderAsGuestUserTest"/>
</testsuite> <!-- Medium Test -->
